# JRE version: Java(TM) SE Runtime Environment (8.0_11-b12) (build 1.8.0_11-b12)
# Java VM: Java HotSpot(TM) Client VM (25.11-b03 mixed mode windows-x86 )
Heap:
 def new generation   total 4928K, used 2499K [0x03e00000, 0x04350000, 0x09350000)
  eden space 4416K,  55% used [0x03e00000, 0x04064848, 0x04250000)
  from space 512K,   9% used [0x042d0000, 0x042dc578, 0x04350000)
  to   space 512K,   0% used [0x04250000, 0x04250000, 0x042d0000)
 tenured generation   total 10944K, used 10105K [0x09350000, 0x09e00000, 0x13e00000)
   the space 10944K,  92% used [0x09350000, 0x09d2e480, 0x09d2e600, 0x09e00000)
 Metaspace       used 10245K, capacity 10347K, committed 10496K, reserved 10624K
GC Heap History (10 events):
Event: 5.165 GC heap before
{Heap before GC invocations=50 (full 0):
 def new generation   total 4928K, used 4459K [0x03e00000, 0x04350000, 0x09350000)
  eden space 4416K, 100% used [0x03e00000, 0x04250000, 0x04250000)
  from space 512K,   8% used [0x04250000, 0x0425ad30, 0x042d0000)
  to   space 512K,   0% used [0x042d0000, 0x042d0000, 0x04350000)
 tenured generation   total 10944K, used 10090K [0x09350000, 0x09e00000, 0x13e00000)
   the space 10944K,  92% used [0x09350000, 0x09d2ab50, 0x09d2ac00, 0x09e00000)
 Metaspace       used 10240K, capacity 10347K, committed 10496K, reserved 10624K
Event: 5.166 GC heap after
Heap after GC invocations=51 (full 0):
 def new generation   total 4928K, used 43K [0x03e00000, 0x04350000, 0x09350000)
  eden space 4416K,   0% used [0x03e00000, 0x03e00000, 0x04250000)
  from space 512K,   8% used [0x042d0000, 0x042dad18, 0x04350000)
  to   space 512K,   0% used [0x04250000, 0x04250000, 0x042d0000)
 tenured generation   total 10944K, used 10090K [0x09350000, 0x09e00000, 0x13e00000)
   the space 10944K,  92% used [0x09350000, 0x09d2ab50, 0x09d2ac00, 0x09e00000)
 Metaspace       used 10240K, capacity 10347K, committed 10496K, reserved 10624K
}
Event: 5.242 GC heap before
{Heap before GC invocations=51 (full 0):
 def new generation   total 4928K, used 4459K [0x03e00000, 0x04350000, 0x09350000)
  eden space 4416K, 100% used [0x03e00000, 0x04250000, 0x04250000)
  from space 512K,   8% used [0x042d0000, 0x042dad18, 0x04350000)
  to   space 512K,   0% used [0x04250000, 0x04250000, 0x042d0000)
 tenured generation   total 10944K, used 10090K [0x09350000, 0x09e00000, 0x13e00000)
   the space 10944K,  92% used [0x09350000, 0x09d2ab50, 0x09d2ac00, 0x09e00000)
 Metaspace       used 10240K, capacity 10347K, committed 10496K, reserved 10624K
Event: 5.243 GC heap after
Heap after GC invocations=52 (full 0):
 def new generation   total 4928K, used 43K [0x03e00000, 0x04350000, 0x09350000)
  eden space 4416K,   0% used [0x03e00000, 0x03e00000, 0x04250000)
  from space 512K,   8% used [0x04250000, 0x0425ad30, 0x042d0000)
  to   space 512K,   0% used [0x042d0000, 0x042d0000, 0x04350000)
 tenured generation   total 10944K, used 10090K [0x09350000, 0x09e00000, 0x13e00000)
   the space 10944K,  92% used [0x09350000, 0x09d2ab50, 0x09d2ac00, 0x09e00000)
 Metaspace       used 10240K, capacity 10347K, committed 10496K, reserved 10624K
}
Event: 5.319 GC heap before
{Heap before GC invocations=52 (full 0):
 def new generation   total 4928K, used 4459K [0x03e00000, 0x04350000, 0x09350000)
  eden space 4416K, 100% used [0x03e00000, 0x04250000, 0x04250000)
  from space 512K,   8% used [0x04250000, 0x0425ad30, 0x042d0000)
  to   space 512K,   0% used [0x042d0000, 0x042d0000, 0x04350000)
 tenured generation   total 10944K, used 10090K [0x09350000, 0x09e00000, 0x13e00000)
   the space 10944K,  92% used [0x09350000, 0x09d2ab50, 0x09d2ac00, 0x09e00000)
 Metaspace       used 10240K, capacity 10347K, committed 10496K, reserved 10624K
Event: 5.320 GC heap after
Heap after GC invocations=53 (full 0):
 def new generation   total 4928K, used 43K [0x03e00000, 0x04350000, 0x09350000)
  eden space 4416K,   0% used [0x03e00000, 0x03e00000, 0x04250000)
  from space 512K,   8% used [0x042d0000, 0x042dad18, 0x04350000)
  to   space 512K,   0% used [0x04250000, 0x04250000, 0x042d0000)
 tenured generation   total 10944K, used 10090K [0x09350000, 0x09e00000, 0x13e00000)
   the space 10944K,  92% used [0x09350000, 0x09d2ab50, 0x09d2ac00, 0x09e00000)
 Metaspace       used 10240K, capacity 10347K, committed 10496K, reserved 10624K
}
Event: 5.396 GC heap before
{Heap before GC invocations=53 (full 0):
 def new generation   total 4928K, used 4459K [0x03e00000, 0x04350000, 0x09350000)
  eden space 4416K, 100% used [0x03e00000, 0x04250000, 0x04250000)
  from space 512K,   8% used [0x042d0000, 0x042dad18, 0x04350000)
  to   space 512K,   0% used [0x04250000, 0x04250000, 0x042d0000)
 tenured generation   total 10944K, used 10090K [0x09350000, 0x09e00000, 0x13e00000)
   the space 10944K,  92% used [0x09350000, 0x09d2ab50, 0x09d2ac00, 0x09e00000)
 Metaspace       used 10240K, capacity 10347K, committed 10496K, reserved 10624K
Event: 5.397 GC heap after
Heap after GC invocations=54 (full 0):
 def new generation   total 4928K, used 43K [0x03e00000, 0x04350000, 0x09350000)
  eden space 4416K,   0% used [0x03e00000, 0x03e00000, 0x04250000)
  from space 512K,   8% used [0x04250000, 0x0425ad30, 0x042d0000)
  to   space 512K,   0% used [0x042d0000, 0x042d0000, 0x04350000)
 tenured generation   total 10944K, used 10090K [0x09350000, 0x09e00000, 0x13e00000)
   the space 10944K,  92% used [0x09350000, 0x09d2ab50, 0x09d2ac00, 0x09e00000)
 Metaspace       used 10240K, capacity 10347K, committed 10496K, reserved 10624K
}
Event: 5.480 GC heap before
{Heap before GC invocations=54 (full 0):
 def new generation   total 4928K, used 4459K [0x03e00000, 0x04350000, 0x09350000)
  eden space 4416K, 100% used [0x03e00000, 0x04250000, 0x04250000)
  from space 512K,   8% used [0x04250000, 0x0425ad30, 0x042d0000)
  to   space 512K,   0% used [0x042d0000, 0x042d0000, 0x04350000)
 tenured generation   total 10944K, used 10090K [0x09350000, 0x09e00000, 0x13e00000)
   the space 10944K,  92% used [0x09350000, 0x09d2ab50, 0x09d2ac00, 0x09e00000)
 Metaspace       used 10245K, capacity 10347K, committed 10496K, reserved 10624K
Event: 5.481 GC heap after
Heap after GC invocations=55 (full 0):
 def new generation   total 4928K, used 49K [0x03e00000, 0x04350000, 0x09350000)
  eden space 4416K,   0% used [0x03e00000, 0x03e00000, 0x04250000)
  from space 512K,   9% used [0x042d0000, 0x042dc578, 0x04350000)
  to   space 512K,   0% used [0x04250000, 0x04250000, 0x042d0000)
 tenured generation   total 10944K, used 10105K [0x09350000, 0x09e00000, 0x13e00000)
   the space 10944K,  92% used [0x09350000, 0x09d2e480, 0x09d2e600, 0x09e00000)
 Metaspace       used 10245K, capacity 10347K, committed 10496K, reserved 10624K
}

