# JRE version: Java(TM) SE Runtime Environment (8.0_11-b12) (build 1.8.0_11-b12)
# Java VM: Java HotSpot(TM) Client VM (25.11-b03 mixed mode windows-x86 )
Heap:
 def new generation   total 4928K, used 1244K [0x03e00000, 0x04350000, 0x09350000)
  eden space 4416K,  26% used [0x03e00000, 0x03f27328, 0x04250000)
  from space 512K,  12% used [0x04250000, 0x0425fe20, 0x042d0000)
  to   space 512K,   0% used [0x042d0000, 0x042d0000, 0x04350000)
 tenured generation   total 10944K, used 10044K [0x09350000, 0x09e00000, 0x13e00000)
   the space 10944K,  91% used [0x09350000, 0x09d1f180, 0x09d1f200, 0x09e00000)
 Metaspace       used 10293K, capacity 10411K, committed 10496K, reserved 10624K
GC Heap History (10 events):
Event: 9.721 GC heap before
{Heap before GC invocations=59 (full 0):
 def new generation   total 4928K, used 4459K [0x03e00000, 0x04350000, 0x09350000)
  eden space 4416K, 100% used [0x03e00000, 0x04250000, 0x04250000)
  from space 512K,   8% used [0x042d0000, 0x042dacd8, 0x04350000)
  to   space 512K,   0% used [0x04250000, 0x04250000, 0x042d0000)
 tenured generation   total 10944K, used 10044K [0x09350000, 0x09e00000, 0x13e00000)
   the space 10944K,  91% used [0x09350000, 0x09d1f180, 0x09d1f200, 0x09e00000)
 Metaspace       used 10288K, capacity 10411K, committed 10496K, reserved 10624K
Event: 9.722 GC heap after
Heap after GC invocations=60 (full 0):
 def new generation   total 4928K, used 43K [0x03e00000, 0x04350000, 0x09350000)
  eden space 4416K,   0% used [0x03e00000, 0x03e00000, 0x04250000)
  from space 512K,   8% used [0x04250000, 0x0425acd8, 0x042d0000)
  to   space 512K,   0% used [0x042d0000, 0x042d0000, 0x04350000)
 tenured generation   total 10944K, used 10044K [0x09350000, 0x09e00000, 0x13e00000)
   the space 10944K,  91% used [0x09350000, 0x09d1f180, 0x09d1f200, 0x09e00000)
 Metaspace       used 10288K, capacity 10411K, committed 10496K, reserved 10624K
}
Event: 9.798 GC heap before
{Heap before GC invocations=60 (full 0):
 def new generation   total 4928K, used 4459K [0x03e00000, 0x04350000, 0x09350000)
  eden space 4416K, 100% used [0x03e00000, 0x04250000, 0x04250000)
  from space 512K,   8% used [0x04250000, 0x0425acd8, 0x042d0000)
  to   space 512K,   0% used [0x042d0000, 0x042d0000, 0x04350000)
 tenured generation   total 10944K, used 10044K [0x09350000, 0x09e00000, 0x13e00000)
   the space 10944K,  91% used [0x09350000, 0x09d1f180, 0x09d1f200, 0x09e00000)
 Metaspace       used 10288K, capacity 10411K, committed 10496K, reserved 10624K
Event: 9.798 GC heap after
Heap after GC invocations=61 (full 0):
 def new generation   total 4928K, used 43K [0x03e00000, 0x04350000, 0x09350000)
  eden space 4416K,   0% used [0x03e00000, 0x03e00000, 0x04250000)
  from space 512K,   8% used [0x042d0000, 0x042dacd8, 0x04350000)
  to   space 512K,   0% used [0x04250000, 0x04250000, 0x042d0000)
 tenured generation   total 10944K, used 10044K [0x09350000, 0x09e00000, 0x13e00000)
   the space 10944K,  91% used [0x09350000, 0x09d1f180, 0x09d1f200, 0x09e00000)
 Metaspace       used 10288K, capacity 10411K, committed 10496K, reserved 10624K
}
Event: 9.874 GC heap before
{Heap before GC invocations=61 (full 0):
 def new generation   total 4928K, used 4459K [0x03e00000, 0x04350000, 0x09350000)
  eden space 4416K, 100% used [0x03e00000, 0x04250000, 0x04250000)
  from space 512K,   8% used [0x042d0000, 0x042dacd8, 0x04350000)
  to   space 512K,   0% used [0x04250000, 0x04250000, 0x042d0000)
 tenured generation   total 10944K, used 10044K [0x09350000, 0x09e00000, 0x13e00000)
   the space 10944K,  91% used [0x09350000, 0x09d1f180, 0x09d1f200, 0x09e00000)
 Metaspace       used 10288K, capacity 10411K, committed 10496K, reserved 10624K
Event: 9.875 GC heap after
Heap after GC invocations=62 (full 0):
 def new generation   total 4928K, used 43K [0x03e00000, 0x04350000, 0x09350000)
  eden space 4416K,   0% used [0x03e00000, 0x03e00000, 0x04250000)
  from space 512K,   8% used [0x04250000, 0x0425acd8, 0x042d0000)
  to   space 512K,   0% used [0x042d0000, 0x042d0000, 0x04350000)
 tenured generation   total 10944K, used 10044K [0x09350000, 0x09e00000, 0x13e00000)
   the space 10944K,  91% used [0x09350000, 0x09d1f180, 0x09d1f200, 0x09e00000)
 Metaspace       used 10288K, capacity 10411K, committed 10496K, reserved 10624K
}
Event: 9.951 GC heap before
{Heap before GC invocations=62 (full 0):
 def new generation   total 4928K, used 4459K [0x03e00000, 0x04350000, 0x09350000)
  eden space 4416K, 100% used [0x03e00000, 0x04250000, 0x04250000)
  from space 512K,   8% used [0x04250000, 0x0425acd8, 0x042d0000)
  to   space 512K,   0% used [0x042d0000, 0x042d0000, 0x04350000)
 tenured generation   total 10944K, used 10044K [0x09350000, 0x09e00000, 0x13e00000)
   the space 10944K,  91% used [0x09350000, 0x09d1f180, 0x09d1f200, 0x09e00000)
 Metaspace       used 10288K, capacity 10411K, committed 10496K, reserved 10624K
Event: 9.952 GC heap after
Heap after GC invocations=63 (full 0):
 def new generation   total 4928K, used 43K [0x03e00000, 0x04350000, 0x09350000)
  eden space 4416K,   0% used [0x03e00000, 0x03e00000, 0x04250000)
  from space 512K,   8% used [0x042d0000, 0x042dacd8, 0x04350000)
  to   space 512K,   0% used [0x04250000, 0x04250000, 0x042d0000)
 tenured generation   total 10944K, used 10044K [0x09350000, 0x09e00000, 0x13e00000)
   the space 10944K,  91% used [0x09350000, 0x09d1f180, 0x09d1f200, 0x09e00000)
 Metaspace       used 10288K, capacity 10411K, committed 10496K, reserved 10624K
}
Event: 10.024 GC heap before
{Heap before GC invocations=63 (full 0):
 def new generation   total 4928K, used 4459K [0x03e00000, 0x04350000, 0x09350000)
  eden space 4416K, 100% used [0x03e00000, 0x04250000, 0x04250000)
  from space 512K,   8% used [0x042d0000, 0x042dacd8, 0x04350000)
  to   space 512K,   0% used [0x04250000, 0x04250000, 0x042d0000)
 tenured generation   total 10944K, used 10044K [0x09350000, 0x09e00000, 0x13e00000)
   the space 10944K,  91% used [0x09350000, 0x09d1f180, 0x09d1f200, 0x09e00000)
 Metaspace       used 10293K, capacity 10411K, committed 10496K, reserved 10624K
Event: 10.026 GC heap after
Heap after GC invocations=64 (full 0):
 def new generation   total 4928K, used 63K [0x03e00000, 0x04350000, 0x09350000)
  eden space 4416K,   0% used [0x03e00000, 0x03e00000, 0x04250000)
  from space 512K,  12% used [0x04250000, 0x0425fe20, 0x042d0000)
  to   space 512K,   0% used [0x042d0000, 0x042d0000, 0x04350000)
 tenured generation   total 10944K, used 10044K [0x09350000, 0x09e00000, 0x13e00000)
   the space 10944K,  91% used [0x09350000, 0x09d1f180, 0x09d1f200, 0x09e00000)
 Metaspace       used 10293K, capacity 10411K, committed 10496K, reserved 10624K
}

