# JRE version: Java(TM) SE Runtime Environment (8.0_11-b12) (build 1.8.0_11-b12)
# Java VM: Java HotSpot(TM) Client VM (25.11-b03 mixed mode windows-x86 )
Heap:
 def new generation   total 4928K, used 3302K [0x03e00000, 0x04350000, 0x09350000)
  eden space 4416K,  73% used [0x03e00000, 0x0412d418, 0x04250000)
  from space 512K,   9% used [0x042d0000, 0x042dc4b8, 0x04350000)
  to   space 512K,   0% used [0x04250000, 0x04250000, 0x042d0000)
 tenured generation   total 10944K, used 10173K [0x09350000, 0x09e00000, 0x13e00000)
   the space 10944K,  92% used [0x09350000, 0x09d3f408, 0x09d3f600, 0x09e00000)
 Metaspace       used 10294K, capacity 10411K, committed 10496K, reserved 10624K
GC Heap History (10 events):
Event: 24.881 GC heap before
{Heap before GC invocations=246 (full 0):
 def new generation   total 4928K, used 4459K [0x03e00000, 0x04350000, 0x09350000)
  eden space 4416K, 100% used [0x03e00000, 0x04250000, 0x04250000)
  from space 512K,   8% used [0x04250000, 0x0425aca0, 0x042d0000)
  to   space 512K,   0% used [0x042d0000, 0x042d0000, 0x04350000)
 tenured generation   total 10944K, used 10158K [0x09350000, 0x09e00000, 0x13e00000)
   the space 10944K,  92% used [0x09350000, 0x09d3bad8, 0x09d3bc00, 0x09e00000)
 Metaspace       used 10289K, capacity 10411K, committed 10496K, reserved 10624K
Event: 24.882 GC heap after
Heap after GC invocations=247 (full 0):
 def new generation   total 4928K, used 28K [0x03e00000, 0x04350000, 0x09350000)
  eden space 4416K,   0% used [0x03e00000, 0x03e00000, 0x04250000)
  from space 512K,   5% used [0x042d0000, 0x042d7370, 0x04350000)
  to   space 512K,   0% used [0x04250000, 0x04250000, 0x042d0000)
 tenured generation   total 10944K, used 10173K [0x09350000, 0x09e00000, 0x13e00000)
   the space 10944K,  92% used [0x09350000, 0x09d3f408, 0x09d3f600, 0x09e00000)
 Metaspace       used 10289K, capacity 10411K, committed 10496K, reserved 10624K
}
Event: 24.997 GC heap before
{Heap before GC invocations=247 (full 0):
 def new generation   total 4928K, used 4444K [0x03e00000, 0x04350000, 0x09350000)
  eden space 4416K, 100% used [0x03e00000, 0x04250000, 0x04250000)
  from space 512K,   5% used [0x042d0000, 0x042d7370, 0x04350000)
  to   space 512K,   0% used [0x04250000, 0x04250000, 0x042d0000)
 tenured generation   total 10944K, used 10173K [0x09350000, 0x09e00000, 0x13e00000)
   the space 10944K,  92% used [0x09350000, 0x09d3f408, 0x09d3f600, 0x09e00000)
 Metaspace       used 10289K, capacity 10411K, committed 10496K, reserved 10624K
Event: 24.997 GC heap after
Heap after GC invocations=248 (full 0):
 def new generation   total 4928K, used 28K [0x03e00000, 0x04350000, 0x09350000)
  eden space 4416K,   0% used [0x03e00000, 0x03e00000, 0x04250000)
  from space 512K,   5% used [0x04250000, 0x04257370, 0x042d0000)
  to   space 512K,   0% used [0x042d0000, 0x042d0000, 0x04350000)
 tenured generation   total 10944K, used 10173K [0x09350000, 0x09e00000, 0x13e00000)
   the space 10944K,  92% used [0x09350000, 0x09d3f408, 0x09d3f600, 0x09e00000)
 Metaspace       used 10289K, capacity 10411K, committed 10496K, reserved 10624K
}
Event: 25.111 GC heap before
{Heap before GC invocations=248 (full 0):
 def new generation   total 4928K, used 4444K [0x03e00000, 0x04350000, 0x09350000)
  eden space 4416K, 100% used [0x03e00000, 0x04250000, 0x04250000)
  from space 512K,   5% used [0x04250000, 0x04257370, 0x042d0000)
  to   space 512K,   0% used [0x042d0000, 0x042d0000, 0x04350000)
 tenured generation   total 10944K, used 10173K [0x09350000, 0x09e00000, 0x13e00000)
   the space 10944K,  92% used [0x09350000, 0x09d3f408, 0x09d3f600, 0x09e00000)
 Metaspace       used 10289K, capacity 10411K, committed 10496K, reserved 10624K
Event: 25.112 GC heap after
Heap after GC invocations=249 (full 0):
 def new generation   total 4928K, used 28K [0x03e00000, 0x04350000, 0x09350000)
  eden space 4416K,   0% used [0x03e00000, 0x03e00000, 0x04250000)
  from space 512K,   5% used [0x042d0000, 0x042d7370, 0x04350000)
  to   space 512K,   0% used [0x04250000, 0x04250000, 0x042d0000)
 tenured generation   total 10944K, used 10173K [0x09350000, 0x09e00000, 0x13e00000)
   the space 10944K,  92% used [0x09350000, 0x09d3f408, 0x09d3f600, 0x09e00000)
 Metaspace       used 10289K, capacity 10411K, committed 10496K, reserved 10624K
}
Event: 25.226 GC heap before
{Heap before GC invocations=249 (full 0):
 def new generation   total 4928K, used 4444K [0x03e00000, 0x04350000, 0x09350000)
  eden space 4416K, 100% used [0x03e00000, 0x04250000, 0x04250000)
  from space 512K,   5% used [0x042d0000, 0x042d7370, 0x04350000)
  to   space 512K,   0% used [0x04250000, 0x04250000, 0x042d0000)
 tenured generation   total 10944K, used 10173K [0x09350000, 0x09e00000, 0x13e00000)
   the space 10944K,  92% used [0x09350000, 0x09d3f408, 0x09d3f600, 0x09e00000)
 Metaspace       used 10289K, capacity 10411K, committed 10496K, reserved 10624K
Event: 25.226 GC heap after
Heap after GC invocations=250 (full 0):
 def new generation   total 4928K, used 28K [0x03e00000, 0x04350000, 0x09350000)
  eden space 4416K,   0% used [0x03e00000, 0x03e00000, 0x04250000)
  from space 512K,   5% used [0x04250000, 0x04257370, 0x042d0000)
  to   space 512K,   0% used [0x042d0000, 0x042d0000, 0x04350000)
 tenured generation   total 10944K, used 10173K [0x09350000, 0x09e00000, 0x13e00000)
   the space 10944K,  92% used [0x09350000, 0x09d3f408, 0x09d3f600, 0x09e00000)
 Metaspace       used 10289K, capacity 10411K, committed 10496K, reserved 10624K
}
Event: 25.346 GC heap before
{Heap before GC invocations=250 (full 0):
 def new generation   total 4928K, used 4444K [0x03e00000, 0x04350000, 0x09350000)
  eden space 4416K, 100% used [0x03e00000, 0x04250000, 0x04250000)
  from space 512K,   5% used [0x04250000, 0x04257370, 0x042d0000)
  to   space 512K,   0% used [0x042d0000, 0x042d0000, 0x04350000)
 tenured generation   total 10944K, used 10173K [0x09350000, 0x09e00000, 0x13e00000)
   the space 10944K,  92% used [0x09350000, 0x09d3f408, 0x09d3f600, 0x09e00000)
 Metaspace       used 10294K, capacity 10411K, committed 10496K, reserved 10624K
Event: 25.348 GC heap after
Heap after GC invocations=251 (full 0):
 def new generation   total 4928K, used 49K [0x03e00000, 0x04350000, 0x09350000)
  eden space 4416K,   0% used [0x03e00000, 0x03e00000, 0x04250000)
  from space 512K,   9% used [0x042d0000, 0x042dc4b8, 0x04350000)
  to   space 512K,   0% used [0x04250000, 0x04250000, 0x042d0000)
 tenured generation   total 10944K, used 10173K [0x09350000, 0x09e00000, 0x13e00000)
   the space 10944K,  92% used [0x09350000, 0x09d3f408, 0x09d3f600, 0x09e00000)
 Metaspace       used 10294K, capacity 10411K, committed 10496K, reserved 10624K
}

