# JRE version: Java(TM) SE Runtime Environment (8.0_11-b12) (build 1.8.0_11-b12)
# Java VM: Java HotSpot(TM) Client VM (25.11-b03 mixed mode, sharing windows-x86 )
Heap:
 def new generation   total 4928K, used 945K [0x03c00000, 0x04150000, 0x09150000)
  eden space 4416K,  20% used [0x03c00000, 0x03ce3a98, 0x04050000)
  from space 512K,   6% used [0x040d0000, 0x040d8c40, 0x04150000)
  to   space 512K,   0% used [0x04050000, 0x04050000, 0x040d0000)
 tenured generation   total 10944K, used 10195K [0x09150000, 0x09c00000, 0x13c00000)
   the space 10944K,  93% used [0x09150000, 0x09b44e20, 0x09b45000, 0x09c00000)
 Metaspace       used 3629K, capacity 3749K, committed 3776K, reserved 4480K
GC Heap History (10 events):
Event: 14.657 GC heap before
{Heap before GC invocations=104 (full 0):
 def new generation   total 4928K, used 4430K [0x03c00000, 0x04150000, 0x09150000)
  eden space 4416K, 100% used [0x03c00000, 0x04050000, 0x04050000)
  from space 512K,   2% used [0x04050000, 0x04053bb0, 0x040d0000)
  to   space 512K,   0% used [0x040d0000, 0x040d0000, 0x04150000)
 tenured generation   total 10944K, used 10195K [0x09150000, 0x09c00000, 0x13c00000)
   the space 10944K,  93% used [0x09150000, 0x09b44e00, 0x09b44e00, 0x09c00000)
 Metaspace       used 3628K, capacity 3749K, committed 3776K, reserved 4480K
Event: 14.658 GC heap after
Heap after GC invocations=105 (full 0):
 def new generation   total 4928K, used 14K [0x03c00000, 0x04150000, 0x09150000)
  eden space 4416K,   0% used [0x03c00000, 0x03c00000, 0x04050000)
  from space 512K,   2% used [0x040d0000, 0x040d3a68, 0x04150000)
  to   space 512K,   0% used [0x04050000, 0x04050000, 0x040d0000)
 tenured generation   total 10944K, used 10195K [0x09150000, 0x09c00000, 0x13c00000)
   the space 10944K,  93% used [0x09150000, 0x09b44e20, 0x09b45000, 0x09c00000)
 Metaspace       used 3628K, capacity 3749K, committed 3776K, reserved 4480K
}
Event: 14.774 GC heap before
{Heap before GC invocations=105 (full 0):
 def new generation   total 4928K, used 4430K [0x03c00000, 0x04150000, 0x09150000)
  eden space 4416K, 100% used [0x03c00000, 0x04050000, 0x04050000)
  from space 512K,   2% used [0x040d0000, 0x040d3a68, 0x04150000)
  to   space 512K,   0% used [0x04050000, 0x04050000, 0x040d0000)
 tenured generation   total 10944K, used 10195K [0x09150000, 0x09c00000, 0x13c00000)
   the space 10944K,  93% used [0x09150000, 0x09b44e20, 0x09b45000, 0x09c00000)
 Metaspace       used 3628K, capacity 3749K, committed 3776K, reserved 4480K
Event: 14.774 GC heap after
Heap after GC invocations=106 (full 0):
 def new generation   total 4928K, used 14K [0x03c00000, 0x04150000, 0x09150000)
  eden space 4416K,   0% used [0x03c00000, 0x03c00000, 0x04050000)
  from space 512K,   2% used [0x04050000, 0x04053ad0, 0x040d0000)
  to   space 512K,   0% used [0x040d0000, 0x040d0000, 0x04150000)
 tenured generation   total 10944K, used 10195K [0x09150000, 0x09c00000, 0x13c00000)
   the space 10944K,  93% used [0x09150000, 0x09b44e20, 0x09b45000, 0x09c00000)
 Metaspace       used 3628K, capacity 3749K, committed 3776K, reserved 4480K
}
Event: 14.890 GC heap before
{Heap before GC invocations=106 (full 0):
 def new generation   total 4928K, used 4430K [0x03c00000, 0x04150000, 0x09150000)
  eden space 4416K, 100% used [0x03c00000, 0x04050000, 0x04050000)
  from space 512K,   2% used [0x04050000, 0x04053ad0, 0x040d0000)
  to   space 512K,   0% used [0x040d0000, 0x040d0000, 0x04150000)
 tenured generation   total 10944K, used 10195K [0x09150000, 0x09c00000, 0x13c00000)
   the space 10944K,  93% used [0x09150000, 0x09b44e20, 0x09b45000, 0x09c00000)
 Metaspace       used 3628K, capacity 3749K, committed 3776K, reserved 4480K
Event: 14.891 GC heap after
Heap after GC invocations=107 (full 0):
 def new generation   total 4928K, used 14K [0x03c00000, 0x04150000, 0x09150000)
  eden space 4416K,   0% used [0x03c00000, 0x03c00000, 0x04050000)
  from space 512K,   2% used [0x040d0000, 0x040d3b10, 0x04150000)
  to   space 512K,   0% used [0x04050000, 0x04050000, 0x040d0000)
 tenured generation   total 10944K, used 10195K [0x09150000, 0x09c00000, 0x13c00000)
   the space 10944K,  93% used [0x09150000, 0x09b44e20, 0x09b45000, 0x09c00000)
 Metaspace       used 3628K, capacity 3749K, committed 3776K, reserved 4480K
}
Event: 15.009 GC heap before
{Heap before GC invocations=107 (full 0):
 def new generation   total 4928K, used 4430K [0x03c00000, 0x04150000, 0x09150000)
  eden space 4416K, 100% used [0x03c00000, 0x04050000, 0x04050000)
  from space 512K,   2% used [0x040d0000, 0x040d3b10, 0x04150000)
  to   space 512K,   0% used [0x04050000, 0x04050000, 0x040d0000)
 tenured generation   total 10944K, used 10195K [0x09150000, 0x09c00000, 0x13c00000)
   the space 10944K,  93% used [0x09150000, 0x09b44e20, 0x09b45000, 0x09c00000)
 Metaspace       used 3628K, capacity 3749K, committed 3776K, reserved 4480K
Event: 15.010 GC heap after
Heap after GC invocations=108 (full 0):
 def new generation   total 4928K, used 14K [0x03c00000, 0x04150000, 0x09150000)
  eden space 4416K,   0% used [0x03c00000, 0x03c00000, 0x04050000)
  from space 512K,   2% used [0x04050000, 0x04053b10, 0x040d0000)
  to   space 512K,   0% used [0x040d0000, 0x040d0000, 0x04150000)
 tenured generation   total 10944K, used 10195K [0x09150000, 0x09c00000, 0x13c00000)
   the space 10944K,  93% used [0x09150000, 0x09b44e20, 0x09b45000, 0x09c00000)
 Metaspace       used 3628K, capacity 3749K, committed 3776K, reserved 4480K
}
Event: 15.127 GC heap before
{Heap before GC invocations=108 (full 0):
 def new generation   total 4928K, used 4430K [0x03c00000, 0x04150000, 0x09150000)
  eden space 4416K, 100% used [0x03c00000, 0x04050000, 0x04050000)
  from space 512K,   2% used [0x04050000, 0x04053b10, 0x040d0000)
  to   space 512K,   0% used [0x040d0000, 0x040d0000, 0x04150000)
 tenured generation   total 10944K, used 10195K [0x09150000, 0x09c00000, 0x13c00000)
   the space 10944K,  93% used [0x09150000, 0x09b44e20, 0x09b45000, 0x09c00000)
 Metaspace       used 3629K, capacity 3749K, committed 3776K, reserved 4480K
Event: 15.128 GC heap after
Heap after GC invocations=109 (full 0):
 def new generation   total 4928K, used 35K [0x03c00000, 0x04150000, 0x09150000)
  eden space 4416K,   0% used [0x03c00000, 0x03c00000, 0x04050000)
  from space 512K,   6% used [0x040d0000, 0x040d8c40, 0x04150000)
  to   space 512K,   0% used [0x04050000, 0x04050000, 0x040d0000)
 tenured generation   total 10944K, used 10195K [0x09150000, 0x09c00000, 0x13c00000)
   the space 10944K,  93% used [0x09150000, 0x09b44e20, 0x09b45000, 0x09c00000)
 Metaspace       used 3629K, capacity 3749K, committed 3776K, reserved 4480K
}

